Example app listening on port 8000!
events.js:141
      throw er; // Unhandled 'error' event
      ^

Error: listen EADDRINUSE :::8000
    at Object.exports._errnoException (util.js:870:11)
    at exports._exceptionWithHostPort (util.js:893:20)
    at Server._listen2 (net.js:1237:14)
    at listen (net.js:1273:10)
    at Server.listen (net.js:1369:5)
    at EventEmitter.listen (/home/aerdo001/lab2/node_modules/express/lib/application.js:618:24)
    at Object.<anonymous> (/home/aerdo001/lab2/index.js:14:5)
    at Module._compile (module.js:410:26)
    at Object.Module._extensions..js (module.js:417:10)
    at Module.load (module.js:344:32)
events.js:141
      throw er; // Unhandled 'error' event
      ^

Error: listen EADDRINUSE :::8000
    at Object.exports._errnoException (util.js:870:11)
    at exports._exceptionWithHostPort (util.js:893:20)
    at Server._listen2 (net.js:1237:14)
    at listen (net.js:1273:10)
    at Server.listen (net.js:1369:5)
    at EventEmitter.listen (/home/aerdo001/lab2/node_modules/express/lib/application.js:618:24)
    at Object.<anonymous> (/home/aerdo001/lab2/index.js:14:5)
    at Module._compile (module.js:410:26)
    at Object.Module._extensions..js (module.js:417:10)
    at Module.load (module.js:344:32)
